[PREINITIALIZATION][CLIENT][INFO] Current loaders after merging: [[preinit]]
[PREINITIALIZATION][CLIENT][INFO] Loading scripts for loader with names [preinit]
[PREINITIALIZATION][CLIENT][INFO] [preinit | SIDE_CLIENT]: Skipping file {[999:crafttweaker]: _activeStages.zs} as we are currently loading with a different loader
[PREINITIALIZATION][CLIENT][INFO] [preinit | SIDE_CLIENT]: Skipping file {[0:crafttweaker]: _Global.zs} as we are currently loading with a different loader
[PREINITIALIZATION][CLIENT][INFO] [preinit | SIDE_CLIENT]: Skipping file {[0:gamestagebooks]: gamestagebooks.zs} as we are currently loading with a different loader
[PREINITIALIZATION][CLIENT][INFO] [preinit | SIDE_CLIENT]: Skipping file {[0:crafttweaker]: InitialInventory.zs} as we are currently loading with a different loader
[PREINITIALIZATION][CLIENT][INFO] [preinit | SIDE_CLIENT]: Skipping file {[0:crafttweaker]: Main.zs} as we are currently loading with a different loader
[PREINITIALIZATION][CLIENT][INFO] [preinit | SIDE_CLIENT]: Skipping file {[0:crafttweaker]: MobStages.zs} as we are currently loading with a different loader
[PREINITIALIZATION][CLIENT][INFO] Completed script loading in: 2ms
[PREINITIALIZATION][CLIENT][INFO] Current loaders after merging: [[preinit], [gamestagebooks]]
[PREINITIALIZATION][CLIENT][INFO] Loading scripts for loader with names [gamestagebooks]
[PREINITIALIZATION][CLIENT][INFO] [gamestagebooks | SIDE_CLIENT]: Skipping file {[999:crafttweaker]: _activeStages.zs} as we are currently loading with a different loader
[PREINITIALIZATION][CLIENT][INFO] [gamestagebooks | SIDE_CLIENT]: Skipping file {[0:crafttweaker]: _Global.zs} as we are currently loading with a different loader
[PREINITIALIZATION][CLIENT][INFO] [gamestagebooks | SIDE_CLIENT]: Loading Script: {[0:gamestagebooks]: gamestagebooks.zs}
[PREINITIALIZATION][CLIENT][INFO] Adding a gamestagebook for stage: Stage_Pre_History
[PREINITIALIZATION][CLIENT][INFO] Adding a gamestagebook for stage: Stage_Stone_Age
[PREINITIALIZATION][CLIENT][INFO] Adding a gamestagebook for stage: Stage_Bronze_Age
[PREINITIALIZATION][CLIENT][INFO] Adding a gamestagebook for stage: Stage_Iron_Age
[PREINITIALIZATION][CLIENT][INFO] Adding a gamestagebook for stage: Stage_Machine_Age
[PREINITIALIZATION][CLIENT][INFO] Adding a gamestagebook for stage: Stage_Atomic_Age
[PREINITIALIZATION][CLIENT][INFO] Adding a gamestagebook for stage: Stage_Infomation_Age
[PREINITIALIZATION][CLIENT][INFO] Adding a gamestagebook for stage: Stage_Space_Age
[PREINITIALIZATION][CLIENT][INFO] Adding a gamestagebook for stage: test
[PREINITIALIZATION][CLIENT][INFO] [gamestagebooks | SIDE_CLIENT]: Skipping file {[0:crafttweaker]: InitialInventory.zs} as we are currently loading with a different loader
[PREINITIALIZATION][CLIENT][INFO] [gamestagebooks | SIDE_CLIENT]: Skipping file {[0:crafttweaker]: Main.zs} as we are currently loading with a different loader
[PREINITIALIZATION][CLIENT][INFO] [gamestagebooks | SIDE_CLIENT]: Skipping file {[0:crafttweaker]: MobStages.zs} as we are currently loading with a different loader
[PREINITIALIZATION][CLIENT][INFO] Completed script loading in: 290ms
[INITIALIZATION][CLIENT][INFO] CraftTweaker: Building registry
[INITIALIZATION][CLIENT][INFO] CraftTweaker: Successfully built item registry
[INITIALIZATION][CLIENT][INFO] Current loaders after merging: [[preinit], [gamestagebooks], [recipeevent | crafttweaker]]
[INITIALIZATION][CLIENT][INFO] Loading scripts for loader with names [crafttweaker | recipeevent]
[INITIALIZATION][CLIENT][INFO] [crafttweaker | SIDE_CLIENT]: Loading Script: {[999:crafttweaker]: _activeStages.zs}
[INITIALIZATION][CLIENT][INFO] ---------------Staging Start------------------
[INITIALIZATION][CLIENT][INFO] ---------------Staging End------------------
[INITIALIZATION][CLIENT][INFO] [crafttweaker | SIDE_CLIENT]: Loading Script: {[0:crafttweaker]: _Global.zs}
[INITIALIZATION][CLIENT][INFO] [crafttweaker | SIDE_CLIENT]: Skipping file {[0:gamestagebooks]: gamestagebooks.zs} as we are currently loading with a different loader
[INITIALIZATION][CLIENT][INFO] [crafttweaker | SIDE_CLIENT]: Loading Script: {[0:crafttweaker]: InitialInventory.zs}
[INITIALIZATION][CLIENT][INFO] ---------------Initial Inventory Start------------------
[INITIALIZATION][CLIENT][INFO] Adding 1 Initial Inventory Recipe(s) for <ftbquests:book>:-1
[INITIALIZATION][CLIENT][INFO] ----------------Initial Inventory End-------------------
[INITIALIZATION][CLIENT][INFO] [crafttweaker | SIDE_CLIENT]: Loading Script: {[0:crafttweaker]: Main.zs}
[INITIALIZATION][CLIENT][ERROR] Main.zs:3 > unexpected end of file - ; expected
[INITIALIZATION][CLIENT][ERROR] [crafttweaker | SIDE_CLIENT]: Error parsing Main.zs:3 -- ; expected
[INITIALIZATION][CLIENT][INFO] [crafttweaker | SIDE_CLIENT]: Loading Script: {[0:crafttweaker]: MobStages.zs}
[INITIALIZATION][CLIENT][INFO] Completed script loading in: 77ms
[SERVER_STARTED][CLIENT][INFO] Fixed the RecipeBook
[SERVER_STARTED][SERVER][INFO] Started ZsLint Socket lint on Port 24532
[SERVER_STARTED][SERVER][INFO] Http Request Received
[SERVER_STARTED][SERVER][INFO] Connection : Upgrade
[SERVER_STARTED][SERVER][INFO] Upgrade : websocket
[SERVER_STARTED][SERVER][INFO] CrTWebSocketHandler added to the pipeline
[SERVER_STARTED][SERVER][INFO] Opened Channel : [id: 0xeb3fc09e, L:/127.0.0.1:24532 - R:/127.0.0.1:64253]
[SERVER_STARTED][SERVER][INFO] Handshaking....
[SERVER_STARTED][SERVER][INFO] Req URI : /
[SERVER_STARTED][SERVER][INFO] Constructed URL : ws://127.0.0.1:24532/
[SERVER_STARTED][SERVER][INFO] Handshake is done
[SERVER_STARTED][SERVER][INFO] This is a WebSocket frame
[SERVER_STARTED][SERVER][INFO] Client Channel : [id: 0xeb3fc09e, L:/127.0.0.1:24532 - R:/127.0.0.1:64253]
[SERVER_STARTED][SERVER][INFO] TextWebSocketFrame Received : 
[SERVER_STARTED][SERVER][INFO] Received a linting request, starting to lint.
[SERVER_STARTED][SERVER][INFO] Current loaders after merging: [[preinit], [gamestagebooks], [crafttweaker | recipeevent], [none]]
[SERVER_STARTED][SERVER][INFO] Loading scripts for loader with names [none]
[SERVER_STARTED][SERVER][INFO] Completed script loading in: 0ms
[SERVER_STARTED][SERVER][INFO] errors = []
[SERVER_STARTED][SERVER][INFO] jres = {"errors":[],"loadSuccessful":true,"messageType":"LintResponse"}
[SERVER_STARTED][SERVER][INFO] {"messageType":"LintRequest"}
[SERVER_STARTED][SERVER][INFO] This is a WebSocket frame
[SERVER_STARTED][SERVER][INFO] Client Channel : [id: 0xeb3fc09e, L:/127.0.0.1:24532 - R:/127.0.0.1:64253]
[SERVER_STARTED][SERVER][INFO] TextWebSocketFrame Received : 
[SERVER_STARTED][SERVER][INFO] Received a linting request, starting to lint.
[SERVER_STARTED][SERVER][INFO] Loading scripts for loader with names [none]
[SERVER_STARTED][SERVER][INFO] Completed script loading in: 0ms
[SERVER_STARTED][SERVER][INFO] errors = []
[SERVER_STARTED][SERVER][INFO] jres = {"errors":[],"loadSuccessful":true,"messageType":"LintResponse"}
[SERVER_STARTED][SERVER][INFO] {"messageType":"LintRequest"}
[SERVER_STARTED][SERVER][INFO] This is a WebSocket frame
[SERVER_STARTED][SERVER][INFO] Client Channel : [id: 0xeb3fc09e, L:/127.0.0.1:24532 - R:/127.0.0.1:64253]
[SERVER_STARTED][SERVER][INFO] TextWebSocketFrame Received : 
[SERVER_STARTED][SERVER][INFO] Received a linting request, starting to lint.
[SERVER_STARTED][SERVER][INFO] Loading scripts for loader with names [none]
[SERVER_STARTED][SERVER][INFO] Completed script loading in: 0ms
[SERVER_STARTED][SERVER][INFO] errors = []
[SERVER_STARTED][SERVER][INFO] jres = {"errors":[],"loadSuccessful":true,"messageType":"LintResponse"}
[SERVER_STARTED][SERVER][INFO] {"messageType":"LintRequest"}
[SERVER_STARTED][SERVER][INFO] This is a WebSocket frame
[SERVER_STARTED][SERVER][INFO] Client Channel : [id: 0xeb3fc09e, L:/127.0.0.1:24532 - R:/127.0.0.1:64253]
[SERVER_STARTED][SERVER][INFO] TextWebSocketFrame Received : 
[SERVER_STARTED][SERVER][INFO] Received a linting request, starting to lint.
[SERVER_STARTED][SERVER][INFO] Loading scripts for loader with names [none]
[SERVER_STARTED][SERVER][INFO] Completed script loading in: 0ms
[SERVER_STARTED][SERVER][INFO] errors = []
[SERVER_STARTED][SERVER][INFO] jres = {"errors":[],"loadSuccessful":true,"messageType":"LintResponse"}
[SERVER_STARTED][SERVER][INFO] {"messageType":"LintRequest"}
[SERVER_STARTED][SERVER][INFO] This is a WebSocket frame
[SERVER_STARTED][SERVER][INFO] Client Channel : [id: 0xeb3fc09e, L:/127.0.0.1:24532 - R:/127.0.0.1:64253]
[SERVER_STARTED][SERVER][INFO] TextWebSocketFrame Received : 
[SERVER_STARTED][SERVER][INFO] Received a linting request, starting to lint.
[SERVER_STARTED][SERVER][INFO] Loading scripts for loader with names [none]
[SERVER_STARTED][SERVER][INFO] Completed script loading in: 0ms
[SERVER_STARTED][SERVER][INFO] errors = []
[SERVER_STARTED][SERVER][INFO] jres = {"errors":[],"loadSuccessful":true,"messageType":"LintResponse"}
[SERVER_STARTED][SERVER][INFO] {"messageType":"LintRequest"}
